<?xml version="1.0" encoding="UTF-8"?>
<!-- Generated by org.testng.reporters.JUnitXMLReporter -->
<testsuite ignored="0" hostname="DESKTOP-UDPRT3F" failures="0" tests="2" name="SubmitOrderTest" time="31.371" errors="0" timestamp="2024-03-09T11:20:06 IST">
  <testcase classname="SeleniumFrameworkDesign.tests.SubmitOrderTest" name="submitOrderTest" time="14.761"/>
  <testcase classname="SeleniumFrameworkDesign.tests.SubmitOrderTest" name="OrderHistory" time="0.206"/>
</testsuite> <!-- SubmitOrderTest -->
