<?xml version="1.0" encoding="UTF-8"?>
<!-- Generated by org.testng.reporters.JUnitXMLReporter -->
<testsuite ignored="0" hostname="DESKTOP-UDPRT3F" failures="0" tests="2" name="SubmitOrderTest" time="20.186" errors="0" timestamp="2024-03-25T18:07:47 IST">
  <testcase classname="SeleniumFrameworkDesign.tests.SubmitOrderTest" name="submitOrderTest" time="15.008"/>
  <testcase classname="SeleniumFrameworkDesign.tests.SubmitOrderTest" name="OrderHistory" time="0.247"/>
</testsuite> <!-- SubmitOrderTest -->
