<?xml version="1.0" encoding="UTF-8"?>
<testng-results ignored="0" total="1" passed="1" failed="0" skipped="0">
  <reporter-output>
  </reporter-output>
  <suite started-at="2024-04-01T18:01:57 IST" name="Surefire suite" finished-at="2024-04-01T18:02:05 IST" duration-ms="8130">
    <groups>
      <group name="cucumber">
        <method signature="AbstractTestNGCucumberTests.runScenario(io.cucumber.testng.PickleWrapper,io.cucumber.testng.FeatureWrapper)[pri:0, instance:cucumber.TestNGTestRunner@bef2d72]" name="runScenario" class="io.cucumber.testng.AbstractTestNGCucumberTests"/>
      </group> <!-- cucumber -->
    </groups>
    <test started-at="2024-04-01T18:01:57 IST" name="Surefire test" finished-at="2024-04-01T18:02:05 IST" duration-ms="8130">
      <class name="cucumber.TestNGTestRunner">
        <test-method is-config="true" signature="setUpClass(org.testng.ITestContext)[pri:0, instance:cucumber.TestNGTestRunner@bef2d72]" started-at="2024-04-01T18:01:57 IST" name="setUpClass" finished-at="2024-04-01T18:01:58 IST" duration-ms="1319" status="PASS">
          <params>
            <param index="0">
              <value>
                <![CDATA[org.testng.TestRunner@6cbd0674]]>
              </value>
            </param>
          </params>
          <reporter-output>
          </reporter-output>
        </test-method> <!-- setUpClass -->
        <test-method signature="runScenario(io.cucumber.testng.PickleWrapper,io.cucumber.testng.FeatureWrapper)[pri:0, instance:cucumber.TestNGTestRunner@bef2d72]" started-at="2024-04-01T18:01:58 IST" name="runScenario" description="Runs Cucumber Scenarios" data-provider="scenarios" finished-at="2024-04-01T18:02:05 IST" duration-ms="6666" status="PASS">
          <params>
            <param index="0">
              <value>
                <![CDATA["Error Validation Tests"]]>
              </value>
            </param>
            <param index="1">
              <value>
                <![CDATA["Error Validation"]]>
              </value>
            </param>
          </params>
          <reporter-output>
          </reporter-output>
        </test-method> <!-- runScenario -->
        <test-method is-config="true" signature="tearDownClass()[pri:0, instance:cucumber.TestNGTestRunner@bef2d72]" started-at="2024-04-01T18:02:05 IST" name="tearDownClass" finished-at="2024-04-01T18:02:05 IST" duration-ms="48" status="PASS">
          <reporter-output>
          </reporter-output>
        </test-method> <!-- tearDownClass -->
      </class> <!-- cucumber.TestNGTestRunner -->
    </test> <!-- Surefire test -->
  </suite> <!-- Surefire suite -->
</testng-results>
